<?xml version="1.0" encoding="UTF-8"?>
<!-- Generated by org.testng.reporters.JUnitXMLReporter -->
<testsuite hostname="BAT04109L" ignored="0" name="phptravel" tests="2" failures="0" timestamp="05 Aug 2019 11:20:41 GMT" time="31.092" errors="0">
  <testcase name="runScenario" time="26.521" classname="io.cucumber.testng.AbstractTestNGCucumberTests">
    <skipped/>
  </testcase> <!-- runScenario -->
  <testcase name="runScenario" time="3.984" classname="io.cucumber.testng.AbstractTestNGCucumberTests">
    <skipped/>
  </testcase> <!-- runScenario -->
</testsuite> <!-- phptravel -->
